<?xml version="1.0" encoding="utf-8"?><testsuites><testsuite errors="0" failures="0" hostname="C02Y91NBJGH5" name="pytest" skipped="0" tests="5" time="11.099" timestamp="2020-05-06T18:14:54.958034"><testcase classname="tests.dependencies.test_configs" file="tests/dependencies/test_configs.py" line="17" name="test_configs" time="0.002"></testcase><testcase classname="tests.jobs.test_etl_job" file="tests/jobs/test_etl_job.py" line="33" name="test_extract_data" time="7.449"></testcase><testcase classname="tests.jobs.test_etl_job" file="tests/jobs/test_etl_job.py" line="38" name="test_transform_data" time="1.414"></testcase><testcase classname="tests.jobs.test_etl_job" file="tests/jobs/test_etl_job.py" line="44" name="test_write_data" time="0.963"></testcase><testcase classname="tests.jobs.test_etl_job" file="tests/jobs/test_etl_job.py" line="51" name="test_main" time="0.956"></testcase></testsuite></testsuites>